#
# There is insufficient memory for the Java Runtime Environment to continue.
# Native memory allocation (malloc) failed to allocate 372336 bytes. Error detail: Chunk::new
# Possible reasons:
#   The system is out of physical RAM or swap space
#   This process is running with CompressedOops enabled, and the Java Heap may be blocking the growth of the native heap
# Possible solutions:
#   Reduce memory load on the system
#   Increase physical memory or swap space
#   Check if swap backing store is full
#   Decrease Java heap size (-Xmx/-Xms)
#   Decrease number of Java threads
#   Decrease Java thread stack sizes (-Xss)
#   Set larger code cache with -XX:ReservedCodeCacheSize=
#   JVM is running with Unscaled Compressed Oops mode in which the Java heap is
#     placed in the first 4GB address space. The Java Heap base address is the
#     maximum limit for the native heap growth. Please use -XX:HeapBaseMinAddress
#     to set the Java Heap base and to place the Java Heap above 4GB virtual address.
# This output file may be truncated or incomplete.
#
#  Out of Memory Error (arena.cpp:150), pid=14064, tid=3232
#
# JRE version: OpenJDK Runtime Environment (22.0.1+8) (build 22.0.1+8-16)
# Java VM: OpenJDK 64-Bit Server VM (22.0.1+8-16, mixed mode, sharing, tiered, compressed oops, compressed class ptrs, g1 gc, windows-amd64)
# No core dump will be written. Minidumps are not enabled by default on client versions of Windows
#

---------------  S U M M A R Y ------------

Command Line: -javaagent:C:\Users\Hiral\AppData\Local\JetBrains\IntelliJ IDEA Community Edition 2024.1.4\lib\idea_rt.jar=54593 -Dfile.encoding=UTF-8 -Dsun.stdout.encoding=UTF-8 -Dsun.stderr.encoding=UTF-8 com.example.serviceregistry.ServiceRegistryApplication

Host: Intel(R) Core(TM) i5-5200U CPU @ 2.20GHz, 4 cores, 7G,  Windows 10 , 64 bit Build 19041 (10.0.19041.5915)
Time: Wed Aug 13 16:42:41 2025 India Standard Time elapsed time: 5.087295 seconds (0d 0h 0m 5s)

---------------  T H R E A D  ---------------

Current thread (0x000001b18e067ff0):  JavaThread "C2 CompilerThread1" daemon [_thread_in_native, id=3232, stack(0x0000009192300000,0x0000009192400000) (1024K)]


Current CompileTask:
C2:5087 2231       4       java.util.jar.Attributes::putValue (13 bytes)

Stack: [0x0000009192300000,0x0000009192400000]
Native frames: (J=compiled Java code, j=interpreted, Vv=VM code, C=native code)
V  [jvm.dll+0x6e2279]  (no source info available)
V  [jvm.dll+0x874e33]  (no source info available)
V  [jvm.dll+0x87725e]  (no source info available)
V  [jvm.dll+0x877933]  (no source info available)
V  [jvm.dll+0x27fd76]  (no source info available)
V  [jvm.dll+0xc3d0f]  (no source info available)
V  [jvm.dll+0xc3f6b]  (no source info available)
V  [jvm.dll+0x3bb0d2]  (no source info available)
V  [jvm.dll+0x387b6b]  (no source info available)
V  [jvm.dll+0x386fda]  (no source info available)
V  [jvm.dll+0x247918]  (no source info available)
V  [jvm.dll+0x246fbf]  (no source info available)
V  [jvm.dll+0x1c4e90]  (no source info available)
V  [jvm.dll+0x2569fe]  (no source info available)
V  [jvm.dll+0x254cba]  (no source info available)
V  [jvm.dll+0x3f5336]  (no source info available)
V  [jvm.dll+0x81d44b]  (no source info available)
V  [jvm.dll+0x6e0915]  (no source info available)
C  [ucrtbase.dll+0x21bb2]  (no source info available)
C  [KERNEL32.DLL+0x17374]  (no source info available)
C  [ntdll.dll+0x4cc91]  (no source info available)


---------------  P R O C E S S  ---------------

Threads class SMR info:
_java_thread_list=0x000001b18e04b5a0, length=14, elements={
0x000001b1295311f0, 0x000001b147688850, 0x000001b14768d780, 0x000001b147691860,
0x000001b1476922c0, 0x000001b147692d20, 0x000001b147693780, 0x000001b147694510,
0x000001b1476bd510, 0x000001b147887d70, 0x000001b18d152530, 0x000001b147ad99e0,
0x000001b18e067980, 0x000001b18e067ff0
}

Java Threads: ( => current thread )
  0x000001b1295311f0 JavaThread "main"                              [_thread_in_vm, id=17308, stack(0x0000009190c00000,0x0000009190d00000) (1024K)]
  0x000001b147688850 JavaThread "Reference Handler"          daemon [_thread_blocked, id=9288, stack(0x0000009191400000,0x0000009191500000) (1024K)]
  0x000001b14768d780 JavaThread "Finalizer"                  daemon [_thread_blocked, id=15688, stack(0x0000009191500000,0x0000009191600000) (1024K)]
  0x000001b147691860 JavaThread "Signal Dispatcher"          daemon [_thread_blocked, id=568, stack(0x0000009191600000,0x0000009191700000) (1024K)]
  0x000001b1476922c0 JavaThread "Attach Listener"            daemon [_thread_blocked, id=13056, stack(0x0000009191700000,0x0000009191800000) (1024K)]
  0x000001b147692d20 JavaThread "Service Thread"             daemon [_thread_blocked, id=11636, stack(0x0000009191800000,0x0000009191900000) (1024K)]
  0x000001b147693780 JavaThread "Monitor Deflation Thread"   daemon [_thread_blocked, id=8820, stack(0x0000009191900000,0x0000009191a00000) (1024K)]
  0x000001b147694510 JavaThread "C2 CompilerThread0"         daemon [_thread_in_native, id=6404, stack(0x0000009191a00000,0x0000009191b00000) (1024K)]
  0x000001b1476bd510 JavaThread "C1 CompilerThread0"         daemon [_thread_blocked, id=1860, stack(0x0000009191b00000,0x0000009191c00000) (1024K)]
  0x000001b147887d70 JavaThread "Common-Cleaner"             daemon [_thread_blocked, id=12780, stack(0x0000009191c00000,0x0000009191d00000) (1024K)]
  0x000001b18d152530 JavaThread "Monitor Ctrl-Break"         daemon [_thread_in_native, id=15176, stack(0x0000009191d00000,0x0000009191e00000) (1024K)]
  0x000001b147ad99e0 JavaThread "Notification Thread"        daemon [_thread_blocked, id=9260, stack(0x0000009191e00000,0x0000009191f00000) (1024K)]
  0x000001b18e067980 JavaThread "background-preinit"                [_thread_in_vm, id=6196, stack(0x0000009192200000,0x0000009192300000) (1024K)]
=>0x000001b18e067ff0 JavaThread "C2 CompilerThread1"         daemon [_thread_in_native, id=3232, stack(0x0000009192300000,0x0000009192400000) (1024K)]
Total: 14

Other Threads:
  0x000001b14766dcf0 VMThread "VM Thread"                           [id=3792, stack(0x0000009191300000,0x0000009191400000) (1024K)]
  0x000001b147655fd0 WatcherThread "VM Periodic Task Thread"        [id=5880, stack(0x0000009191200000,0x0000009191300000) (1024K)]
  0x000001b1297bafa0 WorkerThread "GC Thread#0"                     [id=1864, stack(0x0000009190d00000,0x0000009190e00000) (1024K)]
  0x000001b18d491b90 WorkerThread "GC Thread#1"                     [id=7124, stack(0x0000009191f00000,0x0000009192000000) (1024K)]
  0x000001b18d491f40 WorkerThread "GC Thread#2"                     [id=15764, stack(0x0000009192000000,0x0000009192100000) (1024K)]
  0x000001b18d492af0 WorkerThread "GC Thread#3"                     [id=10804, stack(0x0000009192100000,0x0000009192200000) (1024K)]
  0x000001b1297cbd90 ConcurrentGCThread "G1 Main Marker"            [id=15676, stack(0x0000009190e00000,0x0000009190f00000) (1024K)]
  0x000001b1297cc7b0 WorkerThread "G1 Conc#0"                       [id=4984, stack(0x0000009190f00000,0x0000009191000000) (1024K)]
  0x000001b12981e4d0 ConcurrentGCThread "G1 Refine#0"               [id=14552, stack(0x0000009191000000,0x0000009191100000) (1024K)]
  0x000001b14751a120 ConcurrentGCThread "G1 Service"                [id=11496, stack(0x0000009191100000,0x0000009191200000) (1024K)]
Total: 10

Threads with active compile tasks:
C2 CompilerThread0  5300 2226 % !   4       java.util.jar.Attributes::read @ 214 (494 bytes)
C2 CompilerThread1  5300 2231       4       java.util.jar.Attributes::putValue (13 bytes)
Total: 2

VM state: not at safepoint (normal execution)

VM Mutex/Monitor currently owned by a thread:  ([mutex/lock_event])
[0x00007fffb9309b38] Metaspace_lock - owner thread: 0x000001b18e067980

Heap address: 0x0000000081600000, size: 2026 MB, Compressed Oops mode: 32-bit

CDS archive(s) mapped at: [0x000001b148000000-0x000001b148c50000-0x000001b148c50000), size 12910592, SharedBaseAddress: 0x000001b148000000, ArchiveRelocationMode: 1.
Compressed class space mapped at: 0x000001b149000000-0x000001b189000000, reserved size: 1073741824
Narrow klass base: 0x000001b148000000, Narrow klass shift: 0, Narrow klass range: 0x41000000

GC Precious Log:
 CardTable entry size: 512
 Card Set container configuration: InlinePtr #cards 5 size 8 Array Of Cards #cards 12 size 40 Howl #buckets 4 coarsen threshold 1843 Howl Bitmap #cards 512 size 80 coarsen threshold 460 Card regions per heap region 1 cards per card region 2048
 CPUs: 4 total, 4 available
 Memory: 8102M
 Large Page Support: Disabled
 NUMA Support: Disabled
 Compressed Oops: Enabled (32-bit)
 Heap Region Size: 1M
 Heap Min Capacity: 8M
 Heap Initial Capacity: 128M
 Heap Max Capacity: 2026M
 Pre-touch: Disabled
 Parallel Workers: 4
 Concurrent Workers: 1
 Concurrent Refinement Workers: 4
 Periodic GC: Disabled

Heap:
 garbage-first heap   total reserved 2074624K, committed 131072K, used 30370K [0x0000000081600000, 0x0000000100000000)
  region size 1024K, 19 young (19456K), 3 survivors (3072K)
 Metaspace       used 13908K, committed 14208K, reserved 1114112K
  class space    used 1724K, committed 1856K, reserved 1048576K

Heap Regions: E=young(eden), S=young(survivor), O=old, HS=humongous(starts), HC=humongous(continues), CS=collection set, F=free, TAMS=top-at-mark-start, PB=parsable bottom
|   0|0x0000000081600000, 0x0000000081700000, 0x0000000081700000|100%|HS|  |TAMS 0x0000000081600000| PB 0x0000000081600000| Complete |  0
|   1|0x0000000081700000, 0x0000000081800000, 0x0000000081800000|100%|HS|  |TAMS 0x0000000081700000| PB 0x0000000081700000| Complete |  0
|   2|0x0000000081800000, 0x0000000081900000, 0x0000000081900000|100%| O|  |TAMS 0x0000000081800000| PB 0x0000000081800000| Untracked |  0
|   3|0x0000000081900000, 0x0000000081a00000, 0x0000000081a00000|100%| O|  |TAMS 0x0000000081900000| PB 0x0000000081900000| Untracked |  0
|   4|0x0000000081a00000, 0x0000000081b00000, 0x0000000081b00000|100%| O|  |TAMS 0x0000000081a00000| PB 0x0000000081a00000| Untracked |  0
|   5|0x0000000081b00000, 0x0000000081c00000, 0x0000000081c00000|100%| O|  |TAMS 0x0000000081b00000| PB 0x0000000081b00000| Untracked |  0
|   6|0x0000000081c00000, 0x0000000081d00000, 0x0000000081d00000|100%| O|  |TAMS 0x0000000081c00000| PB 0x0000000081c00000| Untracked |  0
|   7|0x0000000081d00000, 0x0000000081e00000, 0x0000000081e00000|100%| O|  |TAMS 0x0000000081d00000| PB 0x0000000081d00000| Untracked |  0
|   8|0x0000000081e00000, 0x0000000081e00000, 0x0000000081f00000|  0%| F|  |TAMS 0x0000000081e00000| PB 0x0000000081e00000| Untracked |  0
|   9|0x0000000081f00000, 0x0000000081f00000, 0x0000000082000000|  0%| F|  |TAMS 0x0000000081f00000| PB 0x0000000081f00000| Untracked |  0
|  10|0x0000000082000000, 0x0000000082100000, 0x0000000082100000|100%| O|  |TAMS 0x0000000082000000| PB 0x0000000082000000| Untracked |  0
|  11|0x0000000082100000, 0x0000000082200000, 0x0000000082200000|100%| O|  |TAMS 0x0000000082100000| PB 0x0000000082100000| Untracked |  0
|  12|0x0000000082200000, 0x0000000082300000, 0x0000000082300000|100%| O|  |TAMS 0x0000000082200000| PB 0x0000000082200000| Untracked |  0
|  13|0x0000000082300000, 0x0000000082400000, 0x0000000082400000|100%| O|  |TAMS 0x0000000082300000| PB 0x0000000082300000| Untracked |  0
|  14|0x0000000082400000, 0x0000000082500000, 0x0000000082500000|100%| O|  |TAMS 0x0000000082400000| PB 0x0000000082400000| Untracked |  0
|  15|0x0000000082500000, 0x000000008256d610, 0x0000000082600000| 42%| O|  |TAMS 0x0000000082500000| PB 0x0000000082500000| Untracked |  0
|  16|0x0000000082600000, 0x0000000082600000, 0x0000000082700000|  0%| F|  |TAMS 0x0000000082600000| PB 0x0000000082600000| Untracked |  0
|  17|0x0000000082700000, 0x0000000082700000, 0x0000000082800000|  0%| F|  |TAMS 0x0000000082700000| PB 0x0000000082700000| Untracked |  0
|  18|0x0000000082800000, 0x0000000082800000, 0x0000000082900000|  0%| F|  |TAMS 0x0000000082800000| PB 0x0000000082800000| Untracked |  0
|  19|0x0000000082900000, 0x0000000082900000, 0x0000000082a00000|  0%| F|  |TAMS 0x0000000082900000| PB 0x0000000082900000| Untracked |  0
|  20|0x0000000082a00000, 0x0000000082a00000, 0x0000000082b00000|  0%| F|  |TAMS 0x0000000082a00000| PB 0x0000000082a00000| Untracked |  0
|  21|0x0000000082b00000, 0x0000000082b00000, 0x0000000082c00000|  0%| F|  |TAMS 0x0000000082b00000| PB 0x0000000082b00000| Untracked |  0
|  22|0x0000000082c00000, 0x0000000082c00000, 0x0000000082d00000|  0%| F|  |TAMS 0x0000000082c00000| PB 0x0000000082c00000| Untracked |  0
|  23|0x0000000082d00000, 0x0000000082d00000, 0x0000000082e00000|  0%| F|  |TAMS 0x0000000082d00000| PB 0x0000000082d00000| Untracked |  0
|  24|0x0000000082e00000, 0x0000000082e00000, 0x0000000082f00000|  0%| F|  |TAMS 0x0000000082e00000| PB 0x0000000082e00000| Untracked |  0
|  25|0x0000000082f00000, 0x0000000082f00000, 0x0000000083000000|  0%| F|  |TAMS 0x0000000082f00000| PB 0x0000000082f00000| Untracked |  0
|  26|0x0000000083000000, 0x0000000083000000, 0x0000000083100000|  0%| F|  |TAMS 0x0000000083000000| PB 0x0000000083000000| Untracked |  0
|  27|0x0000000083100000, 0x0000000083100000, 0x0000000083200000|  0%| F|  |TAMS 0x0000000083100000| PB 0x0000000083100000| Untracked |  0
|  28|0x0000000083200000, 0x0000000083200000, 0x0000000083300000|  0%| F|  |TAMS 0x0000000083200000| PB 0x0000000083200000| Untracked |  0
|  29|0x0000000083300000, 0x0000000083300000, 0x0000000083400000|  0%| F|  |TAMS 0x0000000083300000| PB 0x0000000083300000| Untracked |  0
|  30|0x0000000083400000, 0x0000000083400000, 0x0000000083500000|  0%| F|  |TAMS 0x0000000083400000| PB 0x0000000083400000| Untracked |  0
|  31|0x0000000083500000, 0x0000000083500000, 0x0000000083600000|  0%| F|  |TAMS 0x0000000083500000| PB 0x0000000083500000| Untracked |  0
|  32|0x0000000083600000, 0x0000000083600000, 0x0000000083700000|  0%| F|  |TAMS 0x0000000083600000| PB 0x0000000083600000| Untracked |  0
|  33|0x0000000083700000, 0x0000000083700000, 0x0000000083800000|  0%| F|  |TAMS 0x0000000083700000| PB 0x0000000083700000| Untracked |  0
|  34|0x0000000083800000, 0x0000000083800000, 0x0000000083900000|  0%| F|  |TAMS 0x0000000083800000| PB 0x0000000083800000| Untracked |  0
|  35|0x0000000083900000, 0x0000000083900000, 0x0000000083a00000|  0%| F|  |TAMS 0x0000000083900000| PB 0x0000000083900000| Untracked |  0
|  36|0x0000000083a00000, 0x0000000083a00000, 0x0000000083b00000|  0%| F|  |TAMS 0x0000000083a00000| PB 0x0000000083a00000| Untracked |  0
|  37|0x0000000083b00000, 0x0000000083b00000, 0x0000000083c00000|  0%| F|  |TAMS 0x0000000083b00000| PB 0x0000000083b00000| Untracked |  0
|  38|0x0000000083c00000, 0x0000000083c00000, 0x0000000083d00000|  0%| F|  |TAMS 0x0000000083c00000| PB 0x0000000083c00000| Untracked |  0
|  39|0x0000000083d00000, 0x0000000083d00000, 0x0000000083e00000|  0%| F|  |TAMS 0x0000000083d00000| PB 0x0000000083d00000| Untracked |  0
|  40|0x0000000083e00000, 0x0000000083e00000, 0x0000000083f00000|  0%| F|  |TAMS 0x0000000083e00000| PB 0x0000000083e00000| Untracked |  0
|  41|0x0000000083f00000, 0x0000000083f00000, 0x0000000084000000|  0%| F|  |TAMS 0x0000000083f00000| PB 0x0000000083f00000| Untracked |  0
|  42|0x0000000084000000, 0x0000000084000000, 0x0000000084100000|  0%| F|  |TAMS 0x0000000084000000| PB 0x0000000084000000| Untracked |  0
|  43|0x0000000084100000, 0x0000000084100000, 0x0000000084200000|  0%| F|  |TAMS 0x0000000084100000| PB 0x0000000084100000| Untracked |  0
|  44|0x0000000084200000, 0x0000000084200000, 0x0000000084300000|  0%| F|  |TAMS 0x0000000084200000| PB 0x0000000084200000| Untracked |  0
|  45|0x0000000084300000, 0x0000000084300000, 0x0000000084400000|  0%| F|  |TAMS 0x0000000084300000| PB 0x0000000084300000| Untracked |  0
|  46|0x0000000084400000, 0x0000000084400000, 0x0000000084500000|  0%| F|  |TAMS 0x0000000084400000| PB 0x0000000084400000| Untracked |  0
|  47|0x0000000084500000, 0x0000000084500000, 0x0000000084600000|  0%| F|  |TAMS 0x0000000084500000| PB 0x0000000084500000| Untracked |  0
|  48|0x0000000084600000, 0x0000000084600000, 0x0000000084700000|  0%| F|  |TAMS 0x0000000084600000| PB 0x0000000084600000| Untracked |  0
|  49|0x0000000084700000, 0x0000000084700000, 0x0000000084800000|  0%| F|  |TAMS 0x0000000084700000| PB 0x0000000084700000| Untracked |  0
|  50|0x0000000084800000, 0x0000000084800000, 0x0000000084900000|  0%| F|  |TAMS 0x0000000084800000| PB 0x0000000084800000| Untracked |  0
|  51|0x0000000084900000, 0x0000000084900000, 0x0000000084a00000|  0%| F|  |TAMS 0x0000000084900000| PB 0x0000000084900000| Untracked |  0
|  52|0x0000000084a00000, 0x0000000084a00000, 0x0000000084b00000|  0%| F|  |TAMS 0x0000000084a00000| PB 0x0000000084a00000| Untracked |  0
|  53|0x0000000084b00000, 0x0000000084b00000, 0x0000000084c00000|  0%| F|  |TAMS 0x0000000084b00000| PB 0x0000000084b00000| Untracked |  0
|  54|0x0000000084c00000, 0x0000000084c00000, 0x0000000084d00000|  0%| F|  |TAMS 0x0000000084c00000| PB 0x0000000084c00000| Untracked |  0
|  55|0x0000000084d00000, 0x0000000084d00000, 0x0000000084e00000|  0%| F|  |TAMS 0x0000000084d00000| PB 0x0000000084d00000| Untracked |  0
|  56|0x0000000084e00000, 0x0000000084e00000, 0x0000000084f00000|  0%| F|  |TAMS 0x0000000084e00000| PB 0x0000000084e00000| Untracked |  0
|  57|0x0000000084f00000, 0x0000000084f00000, 0x0000000085000000|  0%| F|  |TAMS 0x0000000084f00000| PB 0x0000000084f00000| Untracked |  0
|  58|0x0000000085000000, 0x0000000085000000, 0x0000000085100000|  0%| F|  |TAMS 0x0000000085000000| PB 0x0000000085000000| Untracked |  0
|  59|0x0000000085100000, 0x0000000085100000, 0x0000000085200000|  0%| F|  |TAMS 0x0000000085100000| PB 0x0000000085100000| Untracked |  0
|  60|0x0000000085200000, 0x0000000085200000, 0x0000000085300000|  0%| F|  |TAMS 0x0000000085200000| PB 0x0000000085200000| Untracked |  0
|  61|0x0000000085300000, 0x0000000085300000, 0x0000000085400000|  0%| F|  |TAMS 0x0000000085300000| PB 0x0000000085300000| Untracked |  0
|  62|0x0000000085400000, 0x0000000085400000, 0x0000000085500000|  0%| F|  |TAMS 0x0000000085400000| PB 0x0000000085400000| Untracked |  0
|  63|0x0000000085500000, 0x0000000085500000, 0x0000000085600000|  0%| F|  |TAMS 0x0000000085500000| PB 0x0000000085500000| Untracked |  0
|  64|0x0000000085600000, 0x0000000085600000, 0x0000000085700000|  0%| F|  |TAMS 0x0000000085600000| PB 0x0000000085600000| Untracked |  0
|  65|0x0000000085700000, 0x0000000085700000, 0x0000000085800000|  0%| F|  |TAMS 0x0000000085700000| PB 0x0000000085700000| Untracked |  0
|  66|0x0000000085800000, 0x0000000085800000, 0x0000000085900000|  0%| F|  |TAMS 0x0000000085800000| PB 0x0000000085800000| Untracked |  0
|  67|0x0000000085900000, 0x0000000085900000, 0x0000000085a00000|  0%| F|  |TAMS 0x0000000085900000| PB 0x0000000085900000| Untracked |  0
|  68|0x0000000085a00000, 0x0000000085a00000, 0x0000000085b00000|  0%| F|  |TAMS 0x0000000085a00000| PB 0x0000000085a00000| Untracked |  0
|  69|0x0000000085b00000, 0x0000000085b00000, 0x0000000085c00000|  0%| F|  |TAMS 0x0000000085b00000| PB 0x0000000085b00000| Untracked |  0
|  70|0x0000000085c00000, 0x0000000085c00000, 0x0000000085d00000|  0%| F|  |TAMS 0x0000000085c00000| PB 0x0000000085c00000| Untracked |  0
|  71|0x0000000085d00000, 0x0000000085d00000, 0x0000000085e00000|  0%| F|  |TAMS 0x0000000085d00000| PB 0x0000000085d00000| Untracked |  0
|  72|0x0000000085e00000, 0x0000000085e00000, 0x0000000085f00000|  0%| F|  |TAMS 0x0000000085e00000| PB 0x0000000085e00000| Untracked |  0
|  73|0x0000000085f00000, 0x0000000085f00000, 0x0000000086000000|  0%| F|  |TAMS 0x0000000085f00000| PB 0x0000000085f00000| Untracked |  0
|  74|0x0000000086000000, 0x0000000086000000, 0x0000000086100000|  0%| F|  |TAMS 0x0000000086000000| PB 0x0000000086000000| Untracked |  0
|  75|0x0000000086100000, 0x0000000086100000, 0x0000000086200000|  0%| F|  |TAMS 0x0000000086100000| PB 0x0000000086100000| Untracked |  0
|  76|0x0000000086200000, 0x0000000086200000, 0x0000000086300000|  0%| F|  |TAMS 0x0000000086200000| PB 0x0000000086200000| Untracked |  0
|  77|0x0000000086300000, 0x0000000086300000, 0x0000000086400000|  0%| F|  |TAMS 0x0000000086300000| PB 0x0000000086300000| Untracked |  0
|  78|0x0000000086400000, 0x0000000086400000, 0x0000000086500000|  0%| F|  |TAMS 0x0000000086400000| PB 0x0000000086400000| Untracked |  0
|  79|0x0000000086500000, 0x0000000086500000, 0x0000000086600000|  0%| F|  |TAMS 0x0000000086500000| PB 0x0000000086500000| Untracked |  0
|  80|0x0000000086600000, 0x0000000086600000, 0x0000000086700000|  0%| F|  |TAMS 0x0000000086600000| PB 0x0000000086600000| Untracked |  0
|  81|0x0000000086700000, 0x0000000086700000, 0x0000000086800000|  0%| F|  |TAMS 0x0000000086700000| PB 0x0000000086700000| Untracked |  0
|  82|0x0000000086800000, 0x0000000086800000, 0x0000000086900000|  0%| F|  |TAMS 0x0000000086800000| PB 0x0000000086800000| Untracked |  0
|  83|0x0000000086900000, 0x0000000086900000, 0x0000000086a00000|  0%| F|  |TAMS 0x0000000086900000| PB 0x0000000086900000| Untracked |  0
|  84|0x0000000086a00000, 0x0000000086a00000, 0x0000000086b00000|  0%| F|  |TAMS 0x0000000086a00000| PB 0x0000000086a00000| Untracked |  0
|  85|0x0000000086b00000, 0x0000000086b00000, 0x0000000086c00000|  0%| F|  |TAMS 0x0000000086b00000| PB 0x0000000086b00000| Untracked |  0
|  86|0x0000000086c00000, 0x0000000086c00000, 0x0000000086d00000|  0%| F|  |TAMS 0x0000000086c00000| PB 0x0000000086c00000| Untracked |  0
|  87|0x0000000086d00000, 0x0000000086d00000, 0x0000000086e00000|  0%| F|  |TAMS 0x0000000086d00000| PB 0x0000000086d00000| Untracked |  0
|  88|0x0000000086e00000, 0x0000000086e00000, 0x0000000086f00000|  0%| F|  |TAMS 0x0000000086e00000| PB 0x0000000086e00000| Untracked |  0
|  89|0x0000000086f00000, 0x0000000086f00000, 0x0000000087000000|  0%| F|  |TAMS 0x0000000086f00000| PB 0x0000000086f00000| Untracked |  0
|  90|0x0000000087000000, 0x0000000087000000, 0x0000000087100000|  0%| F|  |TAMS 0x0000000087000000| PB 0x0000000087000000| Untracked |  0
|  91|0x0000000087100000, 0x0000000087100000, 0x0000000087200000|  0%| F|  |TAMS 0x0000000087100000| PB 0x0000000087100000| Untracked |  0
|  92|0x0000000087200000, 0x0000000087200000, 0x0000000087300000|  0%| F|  |TAMS 0x0000000087200000| PB 0x0000000087200000| Untracked |  0
|  93|0x0000000087300000, 0x0000000087300000, 0x0000000087400000|  0%| F|  |TAMS 0x0000000087300000| PB 0x0000000087300000| Untracked |  0
|  94|0x0000000087400000, 0x0000000087400000, 0x0000000087500000|  0%| F|  |TAMS 0x0000000087400000| PB 0x0000000087400000| Untracked |  0
|  95|0x0000000087500000, 0x0000000087500000, 0x0000000087600000|  0%| F|  |TAMS 0x0000000087500000| PB 0x0000000087500000| Untracked |  0
|  96|0x0000000087600000, 0x0000000087600000, 0x0000000087700000|  0%| F|  |TAMS 0x0000000087600000| PB 0x0000000087600000| Untracked |  0
|  97|0x0000000087700000, 0x0000000087700000, 0x0000000087800000|  0%| F|  |TAMS 0x0000000087700000| PB 0x0000000087700000| Untracked |  0
|  98|0x0000000087800000, 0x0000000087800000, 0x0000000087900000|  0%| F|  |TAMS 0x0000000087800000| PB 0x0000000087800000| Untracked |  0
|  99|0x0000000087900000, 0x0000000087900000, 0x0000000087a00000|  0%| F|  |TAMS 0x0000000087900000| PB 0x0000000087900000| Untracked |  0
| 100|0x0000000087a00000, 0x0000000087a00000, 0x0000000087b00000|  0%| F|  |TAMS 0x0000000087a00000| PB 0x0000000087a00000| Untracked |  0
| 101|0x0000000087b00000, 0x0000000087b00000, 0x0000000087c00000|  0%| F|  |TAMS 0x0000000087b00000| PB 0x0000000087b00000| Untracked |  0
| 102|0x0000000087c00000, 0x0000000087c00000, 0x0000000087d00000|  0%| F|  |TAMS 0x0000000087c00000| PB 0x0000000087c00000| Untracked |  0
| 103|0x0000000087d00000, 0x0000000087d00000, 0x0000000087e00000|  0%| F|  |TAMS 0x0000000087d00000| PB 0x0000000087d00000| Untracked |  0
| 104|0x0000000087e00000, 0x0000000087e3b2f0, 0x0000000087f00000| 23%| S|CS|TAMS 0x0000000087e00000| PB 0x0000000087e00000| Complete |  0
| 105|0x0000000087f00000, 0x0000000088000000, 0x0000000088000000|100%| S|CS|TAMS 0x0000000087f00000| PB 0x0000000087f00000| Complete |  0
| 106|0x0000000088000000, 0x0000000088100000, 0x0000000088100000|100%| S|CS|TAMS 0x0000000088000000| PB 0x0000000088000000| Complete |  0
| 107|0x0000000088100000, 0x0000000088100000, 0x0000000088200000|  0%| F|  |TAMS 0x0000000088100000| PB 0x0000000088100000| Untracked |  0
| 108|0x0000000088200000, 0x0000000088200000, 0x0000000088300000|  0%| F|  |TAMS 0x0000000088200000| PB 0x0000000088200000| Untracked |  0
| 109|0x0000000088300000, 0x0000000088300000, 0x0000000088400000|  0%| F|  |TAMS 0x0000000088300000| PB 0x0000000088300000| Untracked |  0
| 110|0x0000000088400000, 0x0000000088400000, 0x0000000088500000|  0%| F|  |TAMS 0x0000000088400000| PB 0x0000000088400000| Untracked |  0
| 111|0x0000000088500000, 0x0000000088500000, 0x0000000088600000|  0%| F|  |TAMS 0x0000000088500000| PB 0x0000000088500000| Untracked |  0
| 112|0x0000000088600000, 0x00000000886d7c48, 0x0000000088700000| 84%| E|  |TAMS 0x0000000088600000| PB 0x0000000088600000| Complete |  0
| 113|0x0000000088700000, 0x0000000088800000, 0x0000000088800000|100%| E|CS|TAMS 0x0000000088700000| PB 0x0000000088700000| Complete |  0
| 114|0x0000000088800000, 0x0000000088900000, 0x0000000088900000|100%| E|CS|TAMS 0x0000000088800000| PB 0x0000000088800000| Complete |  0
| 115|0x0000000088900000, 0x0000000088a00000, 0x0000000088a00000|100%| E|CS|TAMS 0x0000000088900000| PB 0x0000000088900000| Complete |  0
| 116|0x0000000088a00000, 0x0000000088b00000, 0x0000000088b00000|100%| E|CS|TAMS 0x0000000088a00000| PB 0x0000000088a00000| Complete |  0
| 117|0x0000000088b00000, 0x0000000088c00000, 0x0000000088c00000|100%| E|CS|TAMS 0x0000000088b00000| PB 0x0000000088b00000| Complete |  0
| 118|0x0000000088c00000, 0x0000000088d00000, 0x0000000088d00000|100%| E|  |TAMS 0x0000000088c00000| PB 0x0000000088c00000| Complete |  0
| 119|0x0000000088d00000, 0x0000000088e00000, 0x0000000088e00000|100%| E|CS|TAMS 0x0000000088d00000| PB 0x0000000088d00000| Complete |  0
| 120|0x0000000088e00000, 0x0000000088f00000, 0x0000000088f00000|100%| E|CS|TAMS 0x0000000088e00000| PB 0x0000000088e00000| Complete |  0
| 121|0x0000000088f00000, 0x0000000089000000, 0x0000000089000000|100%| E|CS|TAMS 0x0000000088f00000| PB 0x0000000088f00000| Complete |  0
| 122|0x0000000089000000, 0x0000000089100000, 0x0000000089100000|100%| E|CS|TAMS 0x0000000089000000| PB 0x0000000089000000| Complete |  0
| 123|0x0000000089100000, 0x0000000089200000, 0x0000000089200000|100%| E|CS|TAMS 0x0000000089100000| PB 0x0000000089100000| Complete |  0
| 124|0x0000000089200000, 0x0000000089300000, 0x0000000089300000|100%| E|CS|TAMS 0x0000000089200000| PB 0x0000000089200000| Complete |  0
| 125|0x0000000089300000, 0x0000000089400000, 0x0000000089400000|100%| E|CS|TAMS 0x0000000089300000| PB 0x0000000089300000| Complete |  0
| 126|0x0000000089400000, 0x0000000089500000, 0x0000000089500000|100%| E|CS|TAMS 0x0000000089400000| PB 0x0000000089400000| Complete |  0
| 127|0x0000000089500000, 0x0000000089600000, 0x0000000089600000|100%| E|CS|TAMS 0x0000000089500000| PB 0x0000000089500000| Complete |  0

Card table byte_map: [0x000001b142ca0000,0x000001b1430a0000] _byte_map_base: 0x000001b142895000

Marking Bits: (CMBitMap*) 0x000001b1297bb5c0
 Bits: [0x000001b1430a0000, 0x000001b145048000)

Polling page: 0x000001b129820000

Metaspace:

Usage:
  Non-class:     11.90 MB used.
      Class:      1.68 MB used.
       Both:     13.58 MB used.

Virtual space:
  Non-class space:       64.00 MB reserved,      12.06 MB ( 19%) committed,  1 nodes.
      Class space:        1.00 GB reserved,       1.81 MB ( <1%) committed,  1 nodes.
             Both:        1.06 GB reserved,      13.88 MB (  1%) committed. 

Chunk freelists:
   Non-Class:  2.98 MB
       Class:  14.19 MB
        Both:  17.17 MB

MaxMetaspaceSize: unlimited
CompressedClassSpaceSize: 1.00 GB
Initial GC threshold: 21.00 MB
Current GC threshold: 21.00 MB
CDS: on
 - commit_granule_bytes: 65536.
 - commit_granule_words: 8192.
 - virtual_space_node_default_size: 8388608.
 - enlarge_chunks_in_place: 1.
 - use_allocation_guard: 0.


Internal statistics:

num_allocs_failed_limit: 0.
num_arena_births: 382.
num_arena_deaths: 0.
num_vsnodes_births: 2.
num_vsnodes_deaths: 0.
num_space_committed: 222.
num_space_uncommitted: 0.
num_chunks_returned_to_freelist: 0.
num_chunks_taken_from_freelist: 815.
num_chunk_merges: 0.
num_chunk_splits: 509.
num_chunks_enlarged: 332.
num_inconsistent_stats: 0.

CodeHeap 'non-profiled nmethods': size=120000Kb used=907Kb max_used=907Kb free=119092Kb
 bounds [0x000001b13ad40000, 0x000001b13afb0000, 0x000001b142270000]
CodeHeap 'profiled nmethods': size=120000Kb used=4142Kb max_used=4142Kb free=115857Kb
 bounds [0x000001b133270000, 0x000001b133680000, 0x000001b13a7a0000]
CodeHeap 'non-nmethods': size=5760Kb used=1421Kb max_used=1445Kb free=4338Kb
 bounds [0x000001b13a7a0000, 0x000001b13aa10000, 0x000001b13ad40000]
 total_blobs=2757 nmethods=2244 adapters=417
 compilation: enabled
              stopped_count=0, restarted_count=0
 full_count=0

Compilation events (20 events):
Event: 5.071 Thread 0x000001b1476bd510 2238       3       java.util.ImmutableCollections$SetN::<init> (90 bytes)
Event: 5.072 Thread 0x000001b1476bd510 nmethod 2238 0x000001b133674c10 code [0x000001b133674ec0, 0x000001b133675bc0]
Event: 5.072 Thread 0x000001b1476bd510 2239       3       java.lang.module.ModuleDescriptor$Exports::equals (60 bytes)
Event: 5.073 Thread 0x000001b1476bd510 nmethod 2239 0x000001b133676090 code [0x000001b1336762a0, 0x000001b133676b58]
Event: 5.073 Thread 0x000001b1476bd510 2240       3       jdk.internal.module.Builder::newExports (12 bytes)
Event: 5.074 Thread 0x000001b1476bd510 nmethod 2240 0x000001b133676d10 code [0x000001b133676ec0, 0x000001b133677018]
Event: 5.074 Thread 0x000001b1476bd510 2241       3       jdk.internal.module.Builder::newRequires (7 bytes)
Event: 5.074 Thread 0x000001b1476bd510 nmethod 2241 0x000001b133677110 code [0x000001b1336772c0, 0x000001b1336773e8]
Event: 5.074 Thread 0x000001b1476bd510 2242       3       jdk.internal.module.Builder::newRequires (51 bytes)
Event: 5.075 Thread 0x000001b1476bd510 nmethod 2242 0x000001b133677490 code [0x000001b133677680, 0x000001b133677a20]
Event: 5.075 Thread 0x000001b1476bd510 2243       3       java.lang.module.ModuleDescriptor$1::newRequires (12 bytes)
Event: 5.075 Thread 0x000001b1476bd510 nmethod 2243 0x000001b133677b90 code [0x000001b133677d40, 0x000001b133678080]
Event: 5.075 Thread 0x000001b1476bd510 2247       3       java.net.URI::hash (33 bytes)
Event: 5.075 Thread 0x000001b1476bd510 nmethod 2247 0x000001b133678190 code [0x000001b133678360, 0x000001b133678628]
Event: 5.075 Thread 0x000001b1476bd510 2246       3       java.net.URI::toLower (19 bytes)
Event: 5.076 Thread 0x000001b1476bd510 nmethod 2246 0x000001b133678790 code [0x000001b133678920, 0x000001b133678aa0]
Event: 5.076 Thread 0x000001b1476bd510 2245       3       java.util.KeyValueHolder::<init> (21 bytes)
Event: 5.076 Thread 0x000001b1476bd510 nmethod 2245 0x000001b133678b10 code [0x000001b133678d00, 0x000001b1336791c8]
Event: 5.076 Thread 0x000001b1476bd510 2248       3       java.lang.invoke.MethodType::methodType (44 bytes)
Event: 5.076 Thread 0x000001b1476bd510 nmethod 2248 0x000001b133679390 code [0x000001b133679580, 0x000001b133679a10]

GC Heap History (6 events):
Event: 1.523 GC heap before
{Heap before GC invocations=0 (full 0):
 garbage-first heap   total reserved 2074624K, committed 131072K, used 15360K [0x0000000081600000, 0x0000000100000000)
  region size 1024K, 14 young (14336K), 0 survivors (0K)
 Metaspace       used 2549K, committed 2688K, reserved 1114112K
  class space    used 246K, committed 320K, reserved 1048576K
}
Event: 1.534 GC heap after
{Heap after GC invocations=1 (full 0):
 garbage-first heap   total reserved 2074624K, committed 131072K, used 7210K [0x0000000081600000, 0x0000000100000000)
  region size 1024K, 2 young (2048K), 2 survivors (2048K)
 Metaspace       used 2549K, committed 2688K, reserved 1114112K
  class space    used 246K, committed 320K, reserved 1048576K
}
Event: 2.136 GC heap before
{Heap before GC invocations=1 (full 0):
 garbage-first heap   total reserved 2074624K, committed 131072K, used 22570K [0x0000000081600000, 0x0000000100000000)
  region size 1024K, 14 young (14336K), 2 survivors (2048K)
 Metaspace       used 4135K, committed 4352K, reserved 1114112K
  class space    used 420K, committed 512K, reserved 1048576K
}
Event: 2.148 GC heap after
{Heap after GC invocations=2 (full 0):
 garbage-first heap   total reserved 2074624K, committed 131072K, used 15899K [0x0000000081600000, 0x0000000100000000)
  region size 1024K, 2 young (2048K), 2 survivors (2048K)
 Metaspace       used 4135K, committed 4352K, reserved 1114112K
  class space    used 420K, committed 512K, reserved 1048576K
}
Event: 3.809 GC heap before
{Heap before GC invocations=2 (full 0):
 garbage-first heap   total reserved 2074624K, committed 131072K, used 34331K [0x0000000081600000, 0x0000000100000000)
  region size 1024K, 21 young (21504K), 2 survivors (2048K)
 Metaspace       used 9669K, committed 9920K, reserved 1114112K
  class space    used 1173K, committed 1280K, reserved 1048576K
}
Event: 3.818 GC heap after
{Heap after GC invocations=3 (full 0):
 garbage-first heap   total reserved 2074624K, committed 131072K, used 16034K [0x0000000081600000, 0x0000000100000000)
  region size 1024K, 3 young (3072K), 3 survivors (3072K)
 Metaspace       used 9669K, committed 9920K, reserved 1114112K
  class space    used 1173K, committed 1280K, reserved 1048576K
}

Dll operation events (10 events):
Event: 0.029 Loaded shared library C:\Users\Hiral\.jdks\openjdk-22.0.1\bin\java.dll
Event: 0.100 Loaded shared library C:\Users\Hiral\.jdks\openjdk-22.0.1\bin\jsvml.dll
Event: 0.498 Loaded shared library C:\Users\Hiral\.jdks\openjdk-22.0.1\bin\zip.dll
Event: 0.512 Loaded shared library C:\Users\Hiral\.jdks\openjdk-22.0.1\bin\instrument.dll
Event: 0.521 Loaded shared library C:\Users\Hiral\.jdks\openjdk-22.0.1\bin\net.dll
Event: 0.526 Loaded shared library C:\Users\Hiral\.jdks\openjdk-22.0.1\bin\nio.dll
Event: 0.535 Loaded shared library C:\Users\Hiral\.jdks\openjdk-22.0.1\bin\zip.dll
Event: 1.031 Loaded shared library C:\Users\Hiral\.jdks\openjdk-22.0.1\bin\extnet.dll
Event: 1.151 Loaded shared library C:\Users\Hiral\.jdks\openjdk-22.0.1\bin\jimage.dll
Event: 4.331 Loaded shared library C:\Users\Hiral\.jdks\openjdk-22.0.1\bin\le.dll

Deoptimization events (20 events):
Event: 4.522 Thread 0x000001b1295311f0 Uncommon trap: trap_request=0xffffff45 fr.pc=0x000001b13ae078e4 relative=0x00000000000000c4
Event: 4.522 Thread 0x000001b1295311f0 Uncommon trap: reason=unstable_if action=reinterpret pc=0x000001b13ae078e4 method=java.nio.Buffer.limit(I)Ljava/nio/Buffer; @ 42 c2
Event: 4.522 Thread 0x000001b1295311f0 DEOPT PACKING pc=0x000001b13ae078e4 sp=0x0000009190cfc960
Event: 4.522 Thread 0x000001b1295311f0 DEOPT UNPACKING pc=0x000001b13a7f46a2 sp=0x0000009190cfc8f8 mode 2
Event: 4.522 Thread 0x000001b1295311f0 Uncommon trap: trap_request=0xffffffde fr.pc=0x000001b13ae0a788 relative=0x00000000000001c8
Event: 4.522 Thread 0x000001b1295311f0 Uncommon trap: reason=class_check action=maybe_recompile pc=0x000001b13ae0a788 method=java.nio.Buffer.<init>(IIIILjava/lang/foreign/MemorySegment;)V @ 39 c2
Event: 4.522 Thread 0x000001b1295311f0 DEOPT PACKING pc=0x000001b13ae0a788 sp=0x0000009190cfc640
Event: 4.522 Thread 0x000001b1295311f0 DEOPT UNPACKING pc=0x000001b13a7f46a2 sp=0x0000009190cfc618 mode 2
Event: 4.522 Thread 0x000001b1295311f0 Uncommon trap: trap_request=0xffffffde fr.pc=0x000001b13ae0a788 relative=0x00000000000001c8
Event: 4.522 Thread 0x000001b1295311f0 Uncommon trap: reason=class_check action=maybe_recompile pc=0x000001b13ae0a788 method=java.nio.Buffer.<init>(IIIILjava/lang/foreign/MemorySegment;)V @ 39 c2
Event: 4.522 Thread 0x000001b1295311f0 DEOPT PACKING pc=0x000001b13ae0a788 sp=0x0000009190cf8f30
Event: 4.522 Thread 0x000001b1295311f0 DEOPT UNPACKING pc=0x000001b13a7f46a2 sp=0x0000009190cf8f08 mode 2
Event: 4.946 Thread 0x000001b1295311f0 Uncommon trap: trap_request=0xffffff45 fr.pc=0x000001b13ada5d38 relative=0x0000000000000438
Event: 4.946 Thread 0x000001b1295311f0 Uncommon trap: reason=unstable_if action=reinterpret pc=0x000001b13ada5d38 method=java.lang.Integer.parseInt(Ljava/lang/String;I)I @ 111 c2
Event: 4.946 Thread 0x000001b1295311f0 DEOPT PACKING pc=0x000001b13ada5d38 sp=0x0000009190cfdb90
Event: 4.947 Thread 0x000001b1295311f0 DEOPT UNPACKING pc=0x000001b13a7f46a2 sp=0x0000009190cfdaf8 mode 2
Event: 4.990 Thread 0x000001b1295311f0 Uncommon trap: trap_request=0xffffffde fr.pc=0x000001b13ae0a788 relative=0x00000000000001c8
Event: 4.990 Thread 0x000001b1295311f0 Uncommon trap: reason=class_check action=maybe_recompile pc=0x000001b13ae0a788 method=java.nio.Buffer.<init>(IIIILjava/lang/foreign/MemorySegment;)V @ 39 c2
Event: 4.990 Thread 0x000001b1295311f0 DEOPT PACKING pc=0x000001b13ae0a788 sp=0x0000009190cfeb10
Event: 4.990 Thread 0x000001b1295311f0 DEOPT UNPACKING pc=0x000001b13a7f46a2 sp=0x0000009190cfeae8 mode 2

Classes loaded (20 events):
Event: 4.557 Loading class java/util/concurrent/ConcurrentLinkedDeque$Itr
Event: 4.557 Loading class java/util/concurrent/ConcurrentLinkedDeque$AbstractItr
Event: 4.558 Loading class java/util/concurrent/ConcurrentLinkedDeque$AbstractItr done
Event: 4.558 Loading class java/util/concurrent/ConcurrentLinkedDeque$Itr done
Event: 4.598 Loading class java/util/concurrent/ScheduledExecutorService
Event: 4.598 Loading class java/util/concurrent/ScheduledExecutorService done
Event: 4.600 Loading class java/util/concurrent/Executors$DefaultThreadFactory
Event: 4.601 Loading class java/util/concurrent/Executors$DefaultThreadFactory done
Event: 4.650 Loading class java/util/Collections$UnmodifiableMap$UnmodifiableEntrySet$UnmodifiableEntrySetSpliterator
Event: 4.650 Loading class java/util/Collections$UnmodifiableMap$UnmodifiableEntrySet$UnmodifiableEntrySetSpliterator done
Event: 4.650 Loading class java/util/HashMap$EntrySpliterator
Event: 4.651 Loading class java/util/HashMap$EntrySpliterator done
Event: 4.740 Loading class java/util/Stack
Event: 4.740 Loading class java/util/Stack done
Event: 4.741 Loading class java/util/Vector$Itr
Event: 4.742 Loading class java/util/Vector$Itr done
Event: 5.061 Loading class java/nio/file/FileSystemNotFoundException
Event: 5.062 Loading class java/nio/file/FileSystemNotFoundException done
Event: 5.063 Loading class java/util/zip/ZipException
Event: 5.067 Loading class java/util/zip/ZipException done

Classes unloaded (0 events):
No events

Classes redefined (0 events):
No events

Internal exceptions (20 events):
Event: 3.884 Thread 0x000001b1295311f0 Exception <a 'java/lang/NoSuchMethodError'{0x000000008940ea70}: 'int java.lang.invoke.Invokers$Holder.linkToTargetMethod(java.lang.Object, java.lang.Object)'> (0x000000008940ea70) 
thrown [s\open\src\hotspot\share\interpreter\linkResolver.cpp, line 774]
Event: 3.958 Thread 0x000001b1295311f0 Exception <a 'java/lang/NoSuchMethodError'{0x000000008948eb30}: 'java.lang.Object java.lang.invoke.DirectMethodHandle$Holder.invokeSpecial(java.lang.Object, java.lang.Object, java.lang.Object, int, java.lang.Object)'> (0x000000008948eb30) 
thrown [s\open\src\hotspot\share\interpreter\linkResolver.cpp, line 774]
Event: 3.961 Thread 0x000001b1295311f0 Exception <a 'java/lang/NoSuchMethodError'{0x00000000894964d8}: 'java.lang.Object java.lang.invoke.DirectMethodHandle$Holder.newInvokeSpecial(java.lang.Object, java.lang.Object, java.lang.Object, int, java.lang.Object)'> (0x00000000894964d8) 
thrown [s\open\src\hotspot\share\interpreter\linkResolver.cpp, line 774]
Event: 3.962 Thread 0x000001b1295311f0 Exception <a 'java/lang/NoSuchMethodError'{0x000000008949da80}: 'java.lang.Object java.lang.invoke.Invokers$Holder.linkToTargetMethod(java.lang.Object, java.lang.Object, int, java.lang.Object, java.lang.Object)'> (0x000000008949da80) 
thrown [s\open\src\hotspot\share\interpreter\linkResolver.cpp, line 774]
Event: 3.966 Thread 0x000001b1295311f0 Exception <a 'java/lang/NoSuchMethodError'{0x00000000894ac1e0}: 'java.lang.Object java.lang.invoke.DirectMethodHandle$Holder.newInvokeSpecial(java.lang.Object, int, java.lang.Object)'> (0x00000000894ac1e0) 
thrown [s\open\src\hotspot\share\interpreter\linkResolver.cpp, line 774]
Event: 3.967 Thread 0x000001b1295311f0 Exception <a 'java/lang/NoSuchMethodError'{0x00000000894b0bf8}: 'int java.lang.invoke.DirectMethodHandle$Holder.invokeSpecialIFC(java.lang.Object, java.lang.Object, java.lang.Object, java.lang.Object)'> (0x00000000894b0bf8) 
thrown [s\open\src\hotspot\share\interpreter\linkResolver.cpp, line 774]
Event: 4.029 Thread 0x000001b1295311f0 Exception <a 'java/lang/NoSuchMethodError'{0x000000008934ecb8}: 'void java.lang.invoke.DirectMethodHandle$Holder.invokeInterface(java.lang.Object, java.lang.Object, java.lang.Object)'> (0x000000008934ecb8) 
thrown [s\open\src\hotspot\share\interpreter\linkResolver.cpp, line 774]
Event: 4.072 Thread 0x000001b1295311f0 Exception <a 'java/lang/NoSuchMethodError'{0x00000000893c5018}: 'java.lang.Object java.lang.invoke.Invokers$Holder.invoke_MT(java.lang.Object, java.lang.Object, java.lang.Object, java.lang.Object, java.lang.Object, java.lang.Object, java.lang.Object, java.lang.Object, java.lang.Object)'> (0x00000000893c5018) 
thrown [s\open\src\hotspot\share\interpreter\linkResolver.cpp, line 774]
Event: 4.088 Thread 0x000001b1295311f0 Exception <a 'java/lang/NoSuchMethodError'{0x00000000893f10c8}: 'java.lang.reflect.Field[] java.lang.Class.getDeclaredFields(java.lang.Class)'> (0x00000000893f10c8) 
thrown [s\open\src\hotspot\share\interpreter\linkResolver.cpp, line 774]
Event: 4.287 Thread 0x000001b1295311f0 Exception <a 'java/lang/NoSuchMethodError'{0x00000000892d4fb8}: 'void java.lang.invoke.DirectMethodHandle$Holder.invokeStaticInit(java.lang.Object, java.lang.Object, java.lang.Object)'> (0x00000000892d4fb8) 
thrown [s\open\src\hotspot\share\interpreter\linkResolver.cpp, line 774]
Event: 4.291 Thread 0x000001b1295311f0 Exception <a 'java/lang/NoSuchMethodError'{0x00000000892df850}: 'java.lang.Object java.lang.invoke.DirectMethodHandle$Holder.invokeStaticInit(java.lang.Object, int)'> (0x00000000892df850) 
thrown [s\open\src\hotspot\share\interpreter\linkResolver.cpp, line 774]
Event: 4.296 Thread 0x000001b1295311f0 Exception <a 'java/lang/NoSuchMethodError'{0x00000000892e9c60}: 'java.lang.Object java.lang.invoke.DirectMethodHandle$Holder.invokeStatic(java.lang.Object, int, java.lang.Object)'> (0x00000000892e9c60) 
thrown [s\open\src\hotspot\share\interpreter\linkResolver.cpp, line 774]
Event: 4.297 Thread 0x000001b1295311f0 Exception <a 'java/lang/NoSuchMethodError'{0x00000000892ed2e0}: 'java.lang.Object java.lang.invoke.DirectMethodHandle$Holder.invokeStaticInit(java.lang.Object, int, java.lang.Object)'> (0x00000000892ed2e0) 
thrown [s\open\src\hotspot\share\interpreter\linkResolver.cpp, line 774]
Event: 4.318 Thread 0x000001b1295311f0 Exception <a 'sun/nio/fs/WindowsException'{0x000000008910f520}> (0x000000008910f520) 
thrown [s\open\src\hotspot\share\prims\jni.cpp, line 520]
Event: 4.334 Thread 0x000001b1295311f0 Exception <a 'jdk/internal/org/jline/terminal/impl/jna/LastErrorException'{0x000000008911bb20}> (0x000000008911bb20) 
thrown [s\open\src\hotspot\share\prims\jni.cpp, line 520]
Event: 4.335 Thread 0x000001b1295311f0 Exception <a 'jdk/internal/org/jline/terminal/impl/jna/LastErrorException'{0x000000008911c490}> (0x000000008911c490) 
thrown [s\open\src\hotspot\share\prims\jni.cpp, line 520]
Event: 4.336 Thread 0x000001b1295311f0 Exception <a 'jdk/internal/org/jline/terminal/impl/jna/LastErrorException'{0x000000008911cdb0}> (0x000000008911cdb0) 
thrown [s\open\src\hotspot\share\prims\jni.cpp, line 520]
Event: 4.530 Thread 0x000001b1295311f0 Exception <a 'java/lang/NoSuchMethodError'{0x00000000890982c0}: 'java.lang.Object java.lang.invoke.DirectMethodHandle$Holder.invokeVirtual(java.lang.Object, java.lang.Object, java.lang.Object)'> (0x00000000890982c0) 
thrown [s\open\src\hotspot\share\interpreter\linkResolver.cpp, line 774]
Event: 4.608 Thread 0x000001b1295311f0 Exception <a 'java/lang/NoSuchMethodError'{0x0000000088f42e60}: 'void java.lang.invoke.DirectMethodHandle$Holder.invokeVirtual(java.lang.Object, java.lang.Object, java.lang.Object, java.lang.Object)'> (0x0000000088f42e60) 
thrown [s\open\src\hotspot\share\interpreter\linkResolver.cpp, line 774]
Event: 4.978 Thread 0x000001b1295311f0 Exception <a 'java/lang/IncompatibleClassChangeError'{0x0000000088d84f10}: Found class java.lang.Object, but interface was expected> (0x0000000088d84f10) 
thrown [s\open\src\hotspot\share\interpreter\linkResolver.cpp, line 841]

ZGC Phase Switch (0 events):
No events

VM Operations (20 events):
Event: 2.703 Executing VM operation: HandshakeAllThreads (Deoptimize)
Event: 2.703 Executing VM operation: HandshakeAllThreads (Deoptimize) done
Event: 2.704 Executing VM operation: HandshakeAllThreads (Deoptimize)
Event: 2.704 Executing VM operation: HandshakeAllThreads (Deoptimize) done
Event: 2.915 Executing VM operation: HandshakeAllThreads (Deoptimize)
Event: 2.915 Executing VM operation: HandshakeAllThreads (Deoptimize) done
Event: 2.942 Executing VM operation: HandshakeAllThreads (Deoptimize)
Event: 2.942 Executing VM operation: HandshakeAllThreads (Deoptimize) done
Event: 3.809 Executing VM operation: G1CollectForAllocation (G1 Evacuation Pause)
Event: 3.818 Executing VM operation: G1CollectForAllocation (G1 Evacuation Pause) done
Event: 3.854 Executing VM operation: HandshakeAllThreads (Deoptimize)
Event: 3.854 Executing VM operation: HandshakeAllThreads (Deoptimize) done
Event: 4.866 Executing VM operation: Cleanup
Event: 4.866 Executing VM operation: Cleanup done
Event: 4.942 Executing VM operation: HandshakeAllThreads (Deoptimize)
Event: 4.942 Executing VM operation: HandshakeAllThreads (Deoptimize) done
Event: 4.950 Executing VM operation: HandshakeAllThreads (Deoptimize)
Event: 4.950 Executing VM operation: HandshakeAllThreads (Deoptimize) done
Event: 4.951 Executing VM operation: HandshakeAllThreads (Deoptimize)
Event: 4.952 Executing VM operation: HandshakeAllThreads (Deoptimize) done

Events (20 events):
Event: 0.093 Thread 0x000001b14768d780 Thread added: 0x000001b14768d780
Event: 0.094 Thread 0x000001b147691860 Thread added: 0x000001b147691860
Event: 0.094 Thread 0x000001b1476922c0 Thread added: 0x000001b1476922c0
Event: 0.094 Thread 0x000001b147692d20 Thread added: 0x000001b147692d20
Event: 0.094 Thread 0x000001b147693780 Thread added: 0x000001b147693780
Event: 0.094 Thread 0x000001b147694510 Thread added: 0x000001b147694510
Event: 0.098 Thread 0x000001b1476bd510 Thread added: 0x000001b1476bd510
Event: 0.445 Thread 0x000001b147887d70 Thread added: 0x000001b147887d70
Event: 0.626 Thread 0x000001b147ac0e50 Thread added: 0x000001b147ac0e50
Event: 0.752 Thread 0x000001b147ac0e50 Thread exited: 0x000001b147ac0e50
Event: 1.005 Thread 0x000001b18d152530 Thread added: 0x000001b18d152530
Event: 1.005 Thread 0x000001b147ad99e0 Thread added: 0x000001b147ad99e0
Event: 1.700 Thread 0x000001b18d485650 Thread added: 0x000001b18d485650
Event: 2.644 Thread 0x000001b18d485650 Thread exited: 0x000001b18d485650
Event: 4.226 Thread 0x000001b18db496a0 Thread added: 0x000001b18db496a0
Event: 4.260 Thread 0x000001b18db496a0 Thread exited: 0x000001b18db496a0
Event: 4.509 Thread 0x000001b18e05b060 Thread added: 0x000001b18e05b060
Event: 4.832 Thread 0x000001b18e05b060 Thread exited: 0x000001b18e05b060
Event: 4.969 Thread 0x000001b18e067980 Thread added: 0x000001b18e067980
Event: 5.012 Thread 0x000001b18e067ff0 Thread added: 0x000001b18e067ff0


Dynamic libraries:
0x00007ff731b50000 - 0x00007ff731b5e000 	C:\Users\Hiral\.jdks\openjdk-22.0.1\bin\java.exe
0x00007ff8394d0000 - 0x00007ff8396c8000 	C:\WINDOWS\SYSTEM32\ntdll.dll
0x00007ff838f50000 - 0x00007ff839012000 	C:\WINDOWS\System32\KERNEL32.DLL
0x00007ff836e50000 - 0x00007ff837146000 	C:\WINDOWS\System32\KERNELBASE.dll
0x00007ff836b90000 - 0x00007ff836c90000 	C:\WINDOWS\System32\ucrtbase.dll
0x00007ff8316e0000 - 0x00007ff8316fb000 	C:\Users\Hiral\.jdks\openjdk-22.0.1\bin\VCRUNTIME140.dll
0x00007ff820f00000 - 0x00007ff820f17000 	C:\Users\Hiral\.jdks\openjdk-22.0.1\bin\jli.dll
0x00007ff838db0000 - 0x00007ff838f4d000 	C:\WINDOWS\System32\USER32.dll
0x00007ff836b60000 - 0x00007ff836b82000 	C:\WINDOWS\System32\win32u.dll
0x00007ff827200000 - 0x00007ff82749a000 	C:\WINDOWS\WinSxS\amd64_microsoft.windows.common-controls_6595b64144ccf1df_6.0.19041.5915_none_60b4b9d171f9c7c7\COMCTL32.dll
0x00007ff837cf0000 - 0x00007ff837d1b000 	C:\WINDOWS\System32\GDI32.dll
0x00007ff838c70000 - 0x00007ff838d0e000 	C:\WINDOWS\System32\msvcrt.dll
0x00007ff837150000 - 0x00007ff837269000 	C:\WINDOWS\System32\gdi32full.dll
0x00007ff837270000 - 0x00007ff83730d000 	C:\WINDOWS\System32\msvcp_win.dll
0x00007ff837790000 - 0x00007ff8377bf000 	C:\WINDOWS\System32\IMM32.DLL
0x00007ff8316d0000 - 0x00007ff8316dc000 	C:\Users\Hiral\.jdks\openjdk-22.0.1\bin\vcruntime140_1.dll
0x00007ff807540000 - 0x00007ff8075ce000 	C:\Users\Hiral\.jdks\openjdk-22.0.1\bin\msvcp140.dll
0x00007fffb86a0000 - 0x00007fffb93e7000 	C:\Users\Hiral\.jdks\openjdk-22.0.1\bin\server\jvm.dll
0x00007ff837c30000 - 0x00007ff837ce1000 	C:\WINDOWS\System32\ADVAPI32.dll
0x00007ff8376f0000 - 0x00007ff83778f000 	C:\WINDOWS\System32\sechost.dll
0x00007ff8375c0000 - 0x00007ff8376e3000 	C:\WINDOWS\System32\RPCRT4.dll
0x00007ff837360000 - 0x00007ff837387000 	C:\WINDOWS\System32\bcrypt.dll
0x00007ff838770000 - 0x00007ff8387db000 	C:\WINDOWS\System32\WS2_32.dll
0x00007ff8369c0000 - 0x00007ff836a0b000 	C:\WINDOWS\SYSTEM32\POWRPROF.dll
0x00007ff82a180000 - 0x00007ff82a1a7000 	C:\WINDOWS\SYSTEM32\WINMM.dll
0x00007ff830d40000 - 0x00007ff830d4a000 	C:\WINDOWS\SYSTEM32\VERSION.dll
0x00007ff8369a0000 - 0x00007ff8369b2000 	C:\WINDOWS\SYSTEM32\UMPDC.dll
0x00007ff8349a0000 - 0x00007ff8349b2000 	C:\WINDOWS\SYSTEM32\kernel.appcore.dll
0x00007ff831610000 - 0x00007ff83161a000 	C:\Users\Hiral\.jdks\openjdk-22.0.1\bin\jimage.dll
0x00007ff824760000 - 0x00007ff824961000 	C:\WINDOWS\SYSTEM32\DBGHELP.DLL
0x00007ff8217e0000 - 0x00007ff821814000 	C:\WINDOWS\SYSTEM32\dbgcore.DLL
0x00007ff836c90000 - 0x00007ff836d12000 	C:\WINDOWS\System32\bcryptPrimitives.dll
0x00007ff831740000 - 0x00007ff83174f000 	C:\Users\Hiral\.jdks\openjdk-22.0.1\bin\instrument.dll
0x00007ff820ee0000 - 0x00007ff820efe000 	C:\Users\Hiral\.jdks\openjdk-22.0.1\bin\java.dll
0x00007ff837ea0000 - 0x00007ff83860e000 	C:\WINDOWS\System32\SHELL32.dll
0x00007ff838840000 - 0x00007ff83896b000 	C:\WINDOWS\System32\ole32.dll
0x00007ff8378d0000 - 0x00007ff837c23000 	C:\WINDOWS\System32\combase.dll
0x00007ff834ba0000 - 0x00007ff835344000 	C:\WINDOWS\SYSTEM32\windows.storage.dll
0x00007ff8363e0000 - 0x00007ff83640b000 	C:\WINDOWS\SYSTEM32\Wldp.dll
0x00007ff8374f0000 - 0x00007ff8375bd000 	C:\WINDOWS\System32\OLEAUT32.dll
0x00007ff8377c0000 - 0x00007ff83786d000 	C:\WINDOWS\System32\SHCORE.dll
0x00007ff837d20000 - 0x00007ff837d7b000 	C:\WINDOWS\System32\shlwapi.dll
0x00007ff836a90000 - 0x00007ff836ab4000 	C:\WINDOWS\SYSTEM32\profapi.dll
0x00007ff807460000 - 0x00007ff807537000 	C:\Users\Hiral\.jdks\openjdk-22.0.1\bin\jsvml.dll
0x00007ff807950000 - 0x00007ff807967000 	C:\Users\Hiral\.jdks\openjdk-22.0.1\bin\zip.dll
0x00007ff820ed0000 - 0x00007ff820ee0000 	C:\Users\Hiral\.jdks\openjdk-22.0.1\bin\net.dll
0x00007ff8361c0000 - 0x00007ff83622a000 	C:\WINDOWS\system32\mswsock.dll
0x00007ff807930000 - 0x00007ff807946000 	C:\Users\Hiral\.jdks\openjdk-22.0.1\bin\nio.dll
0x00007ff815140000 - 0x00007ff815149000 	C:\Users\Hiral\.jdks\openjdk-22.0.1\bin\extnet.dll
0x00007ff835ec0000 - 0x00007ff835efb000 	C:\WINDOWS\SYSTEM32\IPHLPAPI.DLL
0x00007ff838c60000 - 0x00007ff838c68000 	C:\WINDOWS\System32\NSI.dll
0x00007ff835f00000 - 0x00007ff835fca000 	C:\WINDOWS\SYSTEM32\DNSAPI.dll
0x00007ff82da30000 - 0x00007ff82da3a000 	C:\Windows\System32\rasadhlp.dll
0x00007ff82dd80000 - 0x00007ff82de00000 	C:\WINDOWS\System32\fwpuclnt.dll
0x00007ff831630000 - 0x00007ff83163b000 	C:\Users\Hiral\.jdks\openjdk-22.0.1\bin\le.dll

dbghelp: loaded successfully - version: 4.0.5 - missing functions: none
symbol engine: initialized successfully - sym options: 0x614 - pdb path: .;C:\Users\Hiral\.jdks\openjdk-22.0.1\bin;C:\WINDOWS\SYSTEM32;C:\WINDOWS\WinSxS\amd64_microsoft.windows.common-controls_6595b64144ccf1df_6.0.19041.5915_none_60b4b9d171f9c7c7;C:\Users\Hiral\.jdks\openjdk-22.0.1\bin\server

VM Arguments:
jvm_args: -javaagent:C:\Users\Hiral\AppData\Local\JetBrains\IntelliJ IDEA Community Edition 2024.1.4\lib\idea_rt.jar=54593 -Dfile.encoding=UTF-8 -Dsun.stdout.encoding=UTF-8 -Dsun.stderr.encoding=UTF-8 
java_command: com.example.serviceregistry.ServiceRegistryApplication
java_class_path (initial): D:\Chrome_Download\ServiceRegistry\target\classes;C:\Users\Hiral\.m2\repository\org\springframework\boot\spring-boot-starter-web\3.5.4\spring-boot-starter-web-3.5.4.jar;C:\Users\Hiral\.m2\repository\org\springframework\boot\spring-boot-starter\3.5.4\spring-boot-starter-3.5.4.jar;C:\Users\Hiral\.m2\repository\org\springframework\boot\spring-boot\3.5.4\spring-boot-3.5.4.jar;C:\Users\Hiral\.m2\repository\org\springframework\boot\spring-boot-autoconfigure\3.5.4\spring-boot-autoconfigure-3.5.4.jar;C:\Users\Hiral\.m2\repository\org\springframework\boot\spring-boot-starter-logging\3.5.4\spring-boot-starter-logging-3.5.4.jar;C:\Users\Hiral\.m2\repository\ch\qos\logback\logback-classic\1.5.18\logback-classic-1.5.18.jar;C:\Users\Hiral\.m2\repository\ch\qos\logback\logback-core\1.5.18\logback-core-1.5.18.jar;C:\Users\Hiral\.m2\repository\org\apache\logging\log4j\log4j-to-slf4j\2.24.3\log4j-to-slf4j-2.24.3.jar;C:\Users\Hiral\.m2\repository\org\apache\logging\log4j\log4j-api\2.24.3\log4j-api-2.24.3.jar;C:\Users\Hiral\.m2\repository\org\slf4j\jul-to-slf4j\2.0.17\jul-to-slf4j-2.0.17.jar;C:\Users\Hiral\.m2\repository\jakarta\annotation\jakarta.annotation-api\2.1.1\jakarta.annotation-api-2.1.1.jar;C:\Users\Hiral\.m2\repository\org\yaml\snakeyaml\2.4\snakeyaml-2.4.jar;C:\Users\Hiral\.m2\repository\org\springframework\boot\spring-boot-starter-json\3.5.4\spring-boot-starter-json-3.5.4.jar;C:\Users\Hiral\.m2\repository\com\fasterxml\jackson\core\jackson-databind\2.19.2\jackson-databind-2.19.2.jar;C:\Users\Hiral\.m2\repository\com\fasterxml\jackson\core\jackson-annotations\2.19.2\jackson-annotations-2.19.2.jar;C:\Users\Hiral\.m2\repository\com\fasterxml\jackson\core\jackson-core\2.19.2\jackson-core-2.19.2.jar;C:\Users\Hiral\.m2\repository\com\fasterxml\jackson\datatype\jackson-datatype-jdk8\2.19.2\jackson-datatype-jdk8-2.19.2.jar;C:\Users\Hiral\.m2\repository\com\fasterxml\jackson\datatype\jackson-datatype-jsr310\2.19.2\jackson-datatype-jsr310-2.19.2.jar;C:\Users\Hiral\.m2\repository\com\fasterxml\jackson\module\jackson-module-parameter-names\2.19.2\jackson-module-parameter-names-2.19.2.jar;C:\Users\Hiral\.m2\repository\org\springframework\boot\spring-boot-starter-tomcat\3.5.4\spring-boot-starter-tomcat-3.5.4.jar;C:\Users\Hiral\.m2\repository\org\apache\tomcat\embed\tomcat-embed-core\10.1.43\tomcat-embed-core-10.1.43.jar;C:\Users\Hiral\.m2\repository\org\apache\tomcat\embed\tomcat-embed-el\10.1.43\tomcat-embed-el-10.1.43.jar;C:\Users\Hiral\.m2\repository\org\apache\tomcat\embed\tomcat-embed-websocket\10.1.43\tomcat-embed-websocket-10.1.43.jar;C:\Users\Hiral\.m2\repository\org\springframework\spring-web\6.2.9\spring-web-6.2.9.jar;C:\Users\Hiral\.m2\repository\org\springframework\spring-beans\6.2.9\spring-beans-6.2.9.jar;C:\Users\Hiral\.m2\repository\io\micrometer\micrometer-observation\1.15.2\micrometer-observation-1.15.2.jar;C:\Users\Hiral\.m2\repository\io\micrometer\micrometer-commons\1.15.2\micrometer-commons-1.15.2.jar;C:\Users\Hiral\.m2\repository\org\springframework\spring-webmvc\6.2.9\spring-webmvc-6.2.9.jar;C:\Users\Hiral\.m2\repository\org\springframework\spring-aop\6.2.9\spring-aop-6.2.9.jar;C:\Users\Hiral\.m2\repository\org\springframework\spring-context\6.2.9\spring-context-6.2.9.jar;C:\Users\Hiral\.m2\repository\org\springframework\spring-expression\6.2.9\spring-expression-6.2.9.jar;C:\Users\Hiral\.m2\repository\org\springframework\cloud\spring-cloud-starter-netflix-eureka-server\4.3.0\spring-cloud-starter-netflix-eureka-server-4.3.0.jar;C:\Users\Hiral\.m2\repository\org\springframework\cloud\spring-cloud-netflix-eureka-server\4.3.0\spring-cloud-netflix-eureka-server-4.3.0.jar;C:\Users\Hiral\.m2\repository\org\springframework\boot\spring-boot-starter-actuator\3.5.4\spring-boot-starter-actuator-3.5.4.jar;C:\Users\Hiral\.m2\repository\org\springframework\boot\spring-boot-actuator-autoconfigure\3.5.4\spring-boot-actuator-autoconfigure-3.5.4.jar;C:\Users\Hiral\.m2\repository\org\springframework\boot\spring-boot-actuator\3.5.4\spring-boot-actuator-3.5.4.jar;C:\Users\Hiral\.m2\repository\io\micrometer\micrometer-jakarta9\1.15.2\micrometer-jakarta9-1.15.2.jar;C:\Users\Hiral\.m2\repository\io\micrometer\micrometer-core\1.15.2\micrometer-core-1.15.2.jar;C:\Users\Hiral\.m2\repository\org\hdrhistogram\HdrHistogram\2.2.2\HdrHistogram-2.2.2.jar;C:\Users\Hiral\.m2\repository\org\latencyutils\LatencyUtils\2.0.3\LatencyUtils-2.0.3.jar;C:\Users\Hiral\.m2\repository\org\springframework\boot\spring-boot-starter-freemarker\3.5.4\spring-boot-starter-freemarker-3.5.4.jar;C:\Users\Hiral\.m2\repository\org\freemarker\freemarker\2.3.34\freemarker-2.3.34.jar;C:\Users\Hiral\.m2\repository\org\springframework\spring-context-support\6.2.9\spring-context-support-6.2.9.jar;C:\Users\Hiral\.m2\repository\org\springframework\cloud\spring-cloud-netflix-eureka-client\4.3.0\spring-cloud-netflix-eureka-client-4.3.0.jar;C:\Users\Hiral\.m2\repository\com\netflix\eureka\eureka-client\2.0.4\eureka-client-2.0.4.jar;C:\Users\Hiral\.m2\repository\com\thoughtworks\xstream\xstream\1.4.20\xstream-1.4.20.jar;C:\Users\Hiral\.m2\repository\io\github\x-stream\mxparser\1.2.2\mxparser-1.2.2.jar;C:\Users\Hiral\.m2\repository\xmlpull\xmlpull\1.1.3.1\xmlpull-1.1.3.1.jar;C:\Users\Hiral\.m2\repository\com\netflix\spectator\spectator-api\1.7.3\spectator-api-1.7.3.jar;C:\Users\Hiral\.m2\repository\org\apache\httpcomponents\httpclient\4.5.3\httpclient-4.5.3.jar;C:\Users\Hiral\.m2\repository\org\apache\httpcomponents\httpcore\4.4.16\httpcore-4.4.16.jar;C:\Users\Hiral\.m2\repository\commons-configuration\commons-configuration\1.10\commons-configuration-1.10.jar;C:\Users\Hiral\.m2\repository\commons-lang\commons-lang\2.6\commons-lang-2.6.jar;C:\Users\Hiral\.m2\repository\com\netflix\netflix-commons\netflix-eventbus\0.3.0\netflix-eventbus-0.3.0.jar;C:\Users\Hiral\.m2\repository\com\netflix\netflix-commons\netflix-infix\0.3.0\netflix-infix-0.3.0.jar;C:\Users\Hiral\.m2\repository\commons-jxpath\commons-jxpath\1.3\commons-jxpath-1.3.jar;C:\Users\Hiral\.m2\repository\joda-time\joda-time\2.3\joda-time-2.3.jar;C:\Users\Hiral\.m2\repository\org\antlr\antlr-runtime\3.4\antlr-runtime-3.4.jar;C:\Users\Hiral\.m2\repository\org\antlr\stringtemplate\3.2.1\stringtemplate-3.2.1.jar;C:\Users\Hiral\.m2\repository\antlr\antlr\2.7.7\antlr-2.7.7.jar;C:\Users\Hiral\.m2\repository\com\google\code\gson\gson\2.13.1\gson-2.13.1.jar;C:\Users\Hiral\.m2\repository\com\netflix\servo\servo-core\0.5.3\servo-core-0.5.3.jar;C:\Users\Hiral\.m2\repository\org\apache\commons\commons-math\2.2\commons-math-2.2.jar;C:\Users\Hiral\.m2\repository\javax\annotation\javax.annotation-api\1.2\javax.annotation-api-1.2.jar;C:\Users\Hiral\.m2\repository\org\codehaus\jettison\jettison\1.5.4\jettison-1.5.4.jar;C:\Users\Hiral\.m2\repository\org\apache\httpcomponents\client5\httpclient5\5.5\httpclient5-5.5.jar;C:\Users\Hiral\.m2\repository\org\apache\httpcomponents\core5\httpcore5\5.3.4\httpcore5-5.3.4.jar;C:\Users\Hiral\.m2\repository\org\apache\httpcomponents\core5\httpcore5-h2\5.3.4\httpcore5-h2-5.3.4.jar;C:\Users\Hiral\.m2\repository\com\netflix\eureka\eureka-client-jersey3\2.0.4\eureka-client-jersey3-2.0.4.jar;C:\Users\Hiral\.m2\repository\org\glassfish\jersey\connectors\jersey-apache-connector\3.1.10\jersey-apache-connector-3.1.10.jar;C:\Users\Hiral\.m2\repository\commons-codec\commons-codec\1.18.0\commons-codec-1.18.0.jar;C:\Users\Hiral\.m2\repository\com\netflix\eureka\eureka-core-jersey3\2.0.4\eureka-core-jersey3-2.0.4.jar;C:\Users\Hiral\.m2\repository\com\netflix\eureka\eureka-core\2.0.4\eureka-core-2.0.4.jar;C:\Users\Hiral\.m2\repository\com\google\guava\guava\33.0.0-jre\guava-33.0.0-jre.jar;C:\Users\Hiral\.m2\repository\com\google\guava\failureaccess\1.0.2\failureaccess-1.0.2.jar;C:\Users\Hiral\.m2\repository\com\google\guava\listenablefuture\9999.0-empty-to-avoid-conflict-with-guava\listenablefuture-9999.0-empty-to-avoid-conflict-with-guava.jar;C:\Users\Hiral\.m2\repository\org\checkerframework\checker-qual\3.41.0\checker-qual-3.41.0.jar;C:\Users\Hiral\.m2\repository\com\google\errorprone\error_prone_annotations\2.23.0\error_prone_annotations-2.23.0.jar;C:\Users\Hiral\.m2\repository\com\google\j2objc\j2objc-annotations\2.8\j2objc-annotations-2.8.jar;C:\Users\Hiral\.m2\repository\org\glassfish\jersey\containers\jersey-container-servlet\3.1.10\jersey-container-servlet-3.1.10.jar;C:\Users\Hiral\.m2\repository\org\glassfish\jersey\containers\jersey-container-servlet-core\3.1.10\jersey-container-servlet-core-3.1.10.jar;C:\Users\Hiral\.m2\repository\org\glassfish\jersey\core\jersey-common\3.1.10\jersey-common-3.1.10.jar;C:\Users\Hiral\.m2\repository\org\glassfish\hk2\osgi-resource-locator\1.0.3\osgi-resource-locator-1.0.3.jar;C:\Users\Hiral\.m2\repository\jakarta\ws\rs\jakarta.ws.rs-api\3.1.0\jakarta.ws.rs-api-3.1.0.jar;C:\Users\Hiral\.m2\repository\org\glassfish\jersey\core\jersey-server\3.1.10\jersey-server-3.1.10.jar;C:\Users\Hiral\.m2\repository\jakarta\inject\jakarta.inject-api\2.0.1\jakarta.inject-api-2.0.1.jar;C:\Users\Hiral\.m2\repository\jakarta\validation\jakarta.validation-api\3.0.2\jakarta.validation-api-3.0.2.jar;C:\Users\Hiral\.m2\repository\org\glassfish\jersey\core\jersey-client\3.1.10\jersey-client-3.1.10.jar;C:\Users\Hiral\.m2\repository\org\glassfish\jersey\inject\jersey-hk2\3.1.10\jersey-hk2-3.1.10.jar;C:\Users\Hiral\.m2\repository\org\glassfish\hk2\hk2-locator\3.0.6\hk2-locator-3.0.6.jar;C:\Users\Hiral\.m2\repository\org\glassfish\hk2\hk2-utils\3.0.6\hk2-utils-3.0.6.jar;C:\Users\Hiral\.m2\repository\org\javassist\javassist\3.30.2-GA\javassist-3.30.2-GA.jar;C:\Users\Hiral\.m2\repository\org\glassfish\hk2\spring-bridge\3.1.1\spring-bridge-3.1.1.jar;C:\Users\Hiral\.m2\repository\org\glassfish\hk2\hk2-api\3.1.1\hk2-api-3.1.1.jar;C:\Users\Hiral\.m2\repository\com\fasterxml\jackson\dataformat\jackson-dataformat-xml\2.19.2\jackson-dataformat-xml-2.19.2.jar;C:\Users\Hiral\.m2\repository\org\codehaus\woodstox\stax2-api\4.2.2\stax2-api-4.2.2.jar;C:\Users\Hiral\.m2\repository\com\fasterxml\woodstox\woodstox-core\7.1.1\woodstox-core-7.1.1.jar;C:\Users\Hiral\.m2\repository\org\springframework\cloud\spring-cloud-starter-loadbalancer\4.3.0\spring-cloud-starter-loadbalancer-4.3.0.jar;C:\Users\Hiral\.m2\repository\org\springframework\cloud\spring-cloud-loadbalancer\4.3.0\spring-cloud-loadbalancer-4.3.0.jar;C:\Users\Hiral\.m2\repository\io\projectreactor\reactor-core\3.7.8\reactor-core-3.7.8.jar;C:\Users\Hiral\.m2\repository\org\reactivestreams\reactive-streams\1.0.4\reactive-streams-1.0.4.jar;C:\Users\Hiral\.m2\repository\io\projectreactor\addons\reactor-extra\3.5.2\reactor-extra-3.5.2.jar;C:\Users\Hiral\.m2\repository\org\springframework\boot\spring-boot-starter-cache\3.5.4\spring-boot-starter-cache-3.5.4.jar;C:\Users\Hiral\.m2\repository\com\stoyanr\evictor\1.0.0\evictor-1.0.0.jar;C:\Users\Hiral\.m2\repository\org\glassfish\jaxb\jaxb-runtime\4.0.5\jaxb-runtime-4.0.5.jar;C:\Users\Hiral\.m2\repository\org\glassfish\jaxb\jaxb-core\4.0.5\jaxb-core-4.0.5.jar;C:\Users\Hiral\.m2\repository\org\eclipse\angus\angus-activation\2.0.2\angus-activation-2.0.2.jar;C:\Users\Hiral\.m2\repository\org\glassfish\jaxb\txw2\4.0.5\txw2-4.0.5.jar;C:\Users\Hiral\.m2\repository\com\sun\istack\istack-commons-runtime\4.1.2\istack-commons-runtime-4.1.2.jar;C:\Users\Hiral\.m2\repository\org\springframework\cloud\spring-cloud-starter\4.3.0\spring-cloud-starter-4.3.0.jar;C:\Users\Hiral\.m2\repository\org\springframework\cloud\spring-cloud-context\4.3.0\spring-cloud-context-4.3.0.jar;C:\Users\Hiral\.m2\repository\org\springframework\security\spring-security-crypto\6.5.2\spring-security-crypto-6.5.2.jar;C:\Users\Hiral\.m2\repository\org\springframework\cloud\spring-cloud-commons\4.3.0\spring-cloud-commons-4.3.0.jar;C:\Users\Hiral\.m2\repository\org\bouncycastle\bcprov-jdk18on\1.80\bcprov-jdk18on-1.80.jar;C:\Users\Hiral\.m2\repository\org\slf4j\slf4j-api\2.0.17\slf4j-api-2.0.17.jar;C:\Users\Hiral\.m2\repository\jakarta\xml\bind\jakarta.xml.bind-api\4.0.2\jakarta.xml.bind-api-4.0.2.jar;C:\Users\Hiral\.m2\repository\jakarta\activation\jakarta.activation-api\2.1.3\jakarta.activation-api-2.1.3.jar;C:\Users\Hiral\.m2\repository\org\springframework\spring-core\6.2.9\spring-core-6.2.9.jar;C:\Users\Hiral\.m2\repository\org\springframework\spring-jcl\6.2.9\spring-jcl-6.2.9.jar
Launcher Type: SUN_STANDARD

[Global flags]
     intx CICompilerCount                          = 3                                         {product} {ergonomic}
     uint ConcGCThreads                            = 1                                         {product} {ergonomic}
     uint G1ConcRefinementThreads                  = 4                                         {product} {ergonomic}
   size_t G1HeapRegionSize                         = 1048576                                   {product} {ergonomic}
   size_t InitialHeapSize                          = 134217728                                 {product} {ergonomic}
   size_t MarkStackSize                            = 4194304                                   {product} {ergonomic}
   size_t MaxHeapSize                              = 2124414976                                {product} {ergonomic}
   size_t MaxNewSize                               = 1274019840                                {product} {ergonomic}
   size_t MinHeapDeltaBytes                        = 1048576                                   {product} {ergonomic}
   size_t MinHeapSize                              = 8388608                                   {product} {ergonomic}
    uintx NonNMethodCodeHeapSize                   = 5832780                                {pd product} {ergonomic}
    uintx NonProfiledCodeHeapSize                  = 122912730                              {pd product} {ergonomic}
    uintx ProfiledCodeHeapSize                     = 122912730                              {pd product} {ergonomic}
    uintx ReservedCodeCacheSize                    = 251658240                              {pd product} {ergonomic}
     bool SegmentedCodeCache                       = true                                      {product} {ergonomic}
   size_t SoftMaxHeapSize                          = 2124414976                             {manageable} {ergonomic}
     bool UseCompressedOops                        = true                           {product lp64_product} {ergonomic}
     bool UseG1GC                                  = true                                      {product} {ergonomic}
     bool UseLargePagesIndividualAllocation        = false                                  {pd product} {ergonomic}

Logging:
Log output configuration:
 #0: stdout all=warning uptime,level,tags foldmultilines=false
 #1: stderr all=off uptime,level,tags foldmultilines=false

Environment Variables:
JAVA_HOME=C:\Program Files\Java\jdk-17
PATH=C:\Program Files\Java\jdk-17\bin;C:\Program Files\Common Files\Oracle\Java\javapath;C:\Program Files (x86)\Common Files\Oracle\Java\javapath;C:\app\Hiral\product\21c\dbhomeXE\bin;C:\Program Files\OpenLogic\jdk-8.0.422.05-hotspot\bin;C:\Program Files (x86)\Intel\iCLS Client\;C:\Program Files\Intel\iCLS Client\;C:\Windows\system32;C:\Windows;C:\Windows\System32\Wbem;C:\Windows\System32\WindowsPowerShell\v1.0\;C:\Windows\System32\OpenSSH\;C:\Program Files (x86)\Intel\Intel(R) Management Engine Components\DAL;C:\Program Files\Intel\Intel(R) Management Engine Components\DAL;C:\Program Files (x86)\Intel\Intel(R) Management Engine Components\IPT;C:\Program Files\Intel\Intel(R) Management Engine Components\IPT;C:\Program Files (x86)\NVIDIA Corporation\PhysX\Common;C:\Program Files\NVIDIA Corporation\NVIDIA NvDLISR;C:\WINDOWS\system32;C:\WINDOWS;C:\WINDOWS\System32\Wbem;C:\WINDOWS\System32\WindowsPowerShell\v1.0\;C:\WINDOWS\System32\OpenSSH\;C:\Android;C:\MinGW\bin;C:\MinGW\bin;C:\Program Files\MySQL\MySQL Server 8.0\bin;C:\Program Files\MySQL\MySQL Server 8.0\bin;C:\Program Files\MySQL\MySQL Server 8.0\bin;C:\Users\Hiral\Desktop\mysql-connector-j-9.0.0;C:\Program Files\Java\jdk-1.8\bin;C:\Program Files\dotnet\;C:\php-8.4.3;C:\Program Files\apache-maven-3.9.9-bin\apache-maven-3.9.9\bin;C:\Users\Hiral\Documents\kotlinc\bin;C:\Program Files\MongoDB\Server\8.0\bin;D:\Chrome_Download\mongosh-2.5.0-win32-x64\bin;C:\Program Files\Java\jdk-24\bin;C:\Program Files (x86)\AOMEI\AOMEI Backupper\7.5.0;C:\Program Files\PostgreSQL\17\bin;C:\Program Files\Docker\Docker\resources\bin;C:\Program Files\Java\jdk-17\bin;C:\Program Files\Git\cmd;C:\Program Files\MySQL\MySQL Shell 8.0\bin\;C:\Users\Hiral\AppData\Local\Microsoft\WindowsApps;C:\Users\Hiral\AppData\Local\Programs\Microsoft VS Code\bin;C:\Users\Hiral\Desktop\java project;C:\Users\Hiral\AppData\Local\JetBrains\IntelliJ IDEA Community Edition 2024.1.4\bin;C:\Program Files\Java\jdk-1.8\bin;C:\Users\Hiral\.dotnet\tools;D:\Chrome_Download\kotlinc\bin;C:\Users\Hiral\Documents\kotlinc\bin;C:\Users\Hiral\AppData\Local\JetBrains\Toolbox\scripts;
USERNAME=Hiral
OS=Windows_NT
PROCESSOR_IDENTIFIER=Intel64 Family 6 Model 61 Stepping 4, GenuineIntel
TMP=C:\Users\Hiral\AppData\Local\Temp
TEMP=C:\Users\Hiral\AppData\Local\Temp




Periodic native trim disabled

---------------  S Y S T E M  ---------------

OS:
 Windows 10 , 64 bit Build 19041 (10.0.19041.5915)
OS uptime: 0 days 1:50 hours
Hyper-V role detected

CPU: total 4 (initial active 4) (2 cores per cpu, 2 threads per core) family 6 model 61 stepping 4 microcode 0x2d, cx8, cmov, fxsr, ht, mmx, 3dnowpref, sse, sse2, sse3, ssse3, sse4.1, sse4.2, popcnt, lzcnt, tsc, tscinvbit, avx, avx2, aes, erms, clmul, bmi1, bmi2, adx, fma, vzeroupper, clflush, hv, rdtscp, f16c
Processor Information for all 4 processors :
  Max Mhz: 2201, Current Mhz: 2201, Mhz Limit: 2201

Memory: 4k page, system-wide physical 8102M (467M free)
TotalPageFile size 16719M (AvailPageFile size 0M)
current process WorkingSet (physical memory assigned to process): 114M, peak: 114M
current process commit charge ("private bytes"): 238M, peak: 238M

vm_info: OpenJDK 64-Bit Server VM (22.0.1+8-16) for windows-amd64 JRE (22.0.1+8-16), built on 2024-03-12T10:33:16Z by "mach5one" with MS VC++ 17.6 (VS2022)

END.
